25-09-19 15:07:01.148 [main] INFO  org.mongodb.driver.cluster - No server chosen by com.mongodb.client.internal.MongoClientDelegate$1@9e30f9a from cluster description ClusterDescription{type=REPLICA_SET, connectionMode=MULTIPLE, serverDescriptions=[ServerDescription{address=ac-0lsnrs6-shard-00-00.au5paoq.mongodb.net:27017, type=UNKNOWN, state=CONNECTING}, ServerDescription{address=ac-0lsnrs6-shard-00-01.au5paoq.mongodb.net:27017, type=UNKNOWN, state=CONNECTING}, ServerDescription{address=ac-0lsnrs6-shard-00-02.au5paoq.mongodb.net:27017, type=UNKNOWN, state=CONNECTING}]}. Waiting for 30000 ms before timing out 
25-09-19 15:07:02.553 [cluster-rtt-ClusterId{value='68cd2438c774486dfebdb469', description='null'}-ac-0lsnrs6-shard-00-00.au5paoq.mongodb.net:27017] INFO  org.mongodb.driver.connection - Opened connection [connectionId{localValue:4, serverValue:383149}] to ac-0lsnrs6-shard-00-00.au5paoq.mongodb.net:27017 
25-09-19 15:07:02.553 [cluster-ClusterId{value='68cd2438c774486dfebdb469', description='null'}-ac-0lsnrs6-shard-00-02.au5paoq.mongodb.net:27017] INFO  org.mongodb.driver.connection - Opened connection [connectionId{localValue:2, serverValue:393540}] to ac-0lsnrs6-shard-00-02.au5paoq.mongodb.net:27017 
25-09-19 15:07:02.554 [cluster-ClusterId{value='68cd2438c774486dfebdb469', description='null'}-ac-0lsnrs6-shard-00-02.au5paoq.mongodb.net:27017] INFO  org.mongodb.driver.cluster - Monitor thread successfully connected to server with description ServerDescription{address=ac-0lsnrs6-shard-00-02.au5paoq.mongodb.net:27017, type=REPLICA_SET_PRIMARY, state=CONNECTED, ok=true, minWireVersion=0, maxWireVersion=25, maxDocumentSize=16777216, logicalSessionTimeoutMinutes=30, roundTripTimeNanos=1853429100, setName='atlas-2o17zb-shard-0', canonicalAddress=ac-0lsnrs6-shard-00-02.au5paoq.mongodb.net:27017, hosts=[ac-0lsnrs6-shard-00-01.au5paoq.mongodb.net:27017, ac-0lsnrs6-shard-00-02.au5paoq.mongodb.net:27017, ac-0lsnrs6-shard-00-00.au5paoq.mongodb.net:27017], passives=[], arbiters=[], primary='ac-0lsnrs6-shard-00-02.au5paoq.mongodb.net:27017', tagSet=TagSet{[Tag{name='availabilityZone', value='aps1-az2'}, Tag{name='diskState', value='READY'}, Tag{name='nodeType', value='ELECTABLE'}, Tag{name='provider', value='AWS'}, Tag{name='region', value='AP_SOUTH_1'}, Tag{name='workloadType', value='OPERATIONAL'}]}, electionId=7fffffff0000000000000130, setVersion=328, topologyVersion=TopologyVersion{processId=68c4b24d306b92022ac4bc92, counter=7}, lastWriteDate=Fri Sep 19 15:07:58 IST 2025, lastUpdateTimeNanos=7546884190500} 
25-09-19 15:07:02.554 [cluster-ClusterId{value='68cd2438c774486dfebdb469', description='null'}-ac-0lsnrs6-shard-00-01.au5paoq.mongodb.net:27017] INFO  org.mongodb.driver.connection - Opened connection [connectionId{localValue:5, serverValue:381480}] to ac-0lsnrs6-shard-00-01.au5paoq.mongodb.net:27017 
25-09-19 15:07:02.553 [cluster-ClusterId{value='68cd2438c774486dfebdb469', description='null'}-ac-0lsnrs6-shard-00-00.au5paoq.mongodb.net:27017] INFO  org.mongodb.driver.connection - Opened connection [connectionId{localValue:3, serverValue:383149}] to ac-0lsnrs6-shard-00-00.au5paoq.mongodb.net:27017 
25-09-19 15:07:02.554 [cluster-rtt-ClusterId{value='68cd2438c774486dfebdb469', description='null'}-ac-0lsnrs6-shard-00-02.au5paoq.mongodb.net:27017] INFO  org.mongodb.driver.connection - Opened connection [connectionId{localValue:1, serverValue:393540}] to ac-0lsnrs6-shard-00-02.au5paoq.mongodb.net:27017 
25-09-19 15:07:02.553 [cluster-rtt-ClusterId{value='68cd2438c774486dfebdb469', description='null'}-ac-0lsnrs6-shard-00-01.au5paoq.mongodb.net:27017] INFO  org.mongodb.driver.connection - Opened connection [connectionId{localValue:6, serverValue:381480}] to ac-0lsnrs6-shard-00-01.au5paoq.mongodb.net:27017 
25-09-19 15:07:02.555 [cluster-ClusterId{value='68cd2438c774486dfebdb469', description='null'}-ac-0lsnrs6-shard-00-00.au5paoq.mongodb.net:27017] INFO  org.mongodb.driver.cluster - Monitor thread successfully connected to server with description ServerDescription{address=ac-0lsnrs6-shard-00-00.au5paoq.mongodb.net:27017, type=REPLICA_SET_SECONDARY, state=CONNECTED, ok=true, minWireVersion=0, maxWireVersion=25, maxDocumentSize=16777216, logicalSessionTimeoutMinutes=30, roundTripTimeNanos=1853040700, setName='atlas-2o17zb-shard-0', canonicalAddress=ac-0lsnrs6-shard-00-00.au5paoq.mongodb.net:27017, hosts=[ac-0lsnrs6-shard-00-01.au5paoq.mongodb.net:27017, ac-0lsnrs6-shard-00-02.au5paoq.mongodb.net:27017, ac-0lsnrs6-shard-00-00.au5paoq.mongodb.net:27017], passives=[], arbiters=[], primary='ac-0lsnrs6-shard-00-02.au5paoq.mongodb.net:27017', tagSet=TagSet{[Tag{name='availabilityZone', value='aps1-az1'}, Tag{name='diskState', value='READY'}, Tag{name='nodeType', value='ELECTABLE'}, Tag{name='provider', value='AWS'}, Tag{name='region', value='AP_SOUTH_1'}, Tag{name='workloadType', value='OPERATIONAL'}]}, electionId=null, setVersion=328, topologyVersion=TopologyVersion{processId=68c4b360d4016345ab692042, counter=9}, lastWriteDate=Fri Sep 19 15:07:58 IST 2025, lastUpdateTimeNanos=7546883838600} 
25-09-19 15:07:02.555 [cluster-ClusterId{value='68cd2438c774486dfebdb469', description='null'}-ac-0lsnrs6-shard-00-01.au5paoq.mongodb.net:27017] INFO  org.mongodb.driver.cluster - Monitor thread successfully connected to server with description ServerDescription{address=ac-0lsnrs6-shard-00-01.au5paoq.mongodb.net:27017, type=REPLICA_SET_SECONDARY, state=CONNECTED, ok=true, minWireVersion=0, maxWireVersion=25, maxDocumentSize=16777216, logicalSessionTimeoutMinutes=30, roundTripTimeNanos=1853224700, setName='atlas-2o17zb-shard-0', canonicalAddress=ac-0lsnrs6-shard-00-01.au5paoq.mongodb.net:27017, hosts=[ac-0lsnrs6-shard-00-01.au5paoq.mongodb.net:27017, ac-0lsnrs6-shard-00-02.au5paoq.mongodb.net:27017, ac-0lsnrs6-shard-00-00.au5paoq.mongodb.net:27017], passives=[], arbiters=[], primary='ac-0lsnrs6-shard-00-02.au5paoq.mongodb.net:27017', tagSet=TagSet{[Tag{name='availabilityZone', value='aps1-az3'}, Tag{name='diskState', value='READY'}, Tag{name='nodeType', value='ELECTABLE'}, Tag{name='provider', value='AWS'}, Tag{name='region', value='AP_SOUTH_1'}, Tag{name='workloadType', value='OPERATIONAL'}]}, electionId=null, setVersion=328, topologyVersion=TopologyVersion{processId=68c4b4da3e8b26ab30cf3190, counter=3}, lastWriteDate=Fri Sep 19 15:07:58 IST 2025, lastUpdateTimeNanos=7546883909500} 
25-09-19 15:07:02.593 [cluster-ClusterId{value='68cd2438c774486dfebdb469', description='null'}-ac-0lsnrs6-shard-00-02.au5paoq.mongodb.net:27017] INFO  org.mongodb.driver.cluster - Setting max election id to 7fffffff0000000000000130 from replica set primary ac-0lsnrs6-shard-00-02.au5paoq.mongodb.net:27017 
25-09-19 15:07:02.593 [cluster-ClusterId{value='68cd2438c774486dfebdb469', description='null'}-ac-0lsnrs6-shard-00-02.au5paoq.mongodb.net:27017] INFO  org.mongodb.driver.cluster - Setting max set version to 328 from replica set primary ac-0lsnrs6-shard-00-02.au5paoq.mongodb.net:27017 
25-09-19 15:07:02.593 [cluster-ClusterId{value='68cd2438c774486dfebdb469', description='null'}-ac-0lsnrs6-shard-00-02.au5paoq.mongodb.net:27017] INFO  org.mongodb.driver.cluster - Discovered replica set primary ac-0lsnrs6-shard-00-02.au5paoq.mongodb.net:27017 
25-09-19 15:07:03.495 [main] INFO  org.mongodb.driver.connection - Opened connection [connectionId{localValue:7, serverValue:393198}] to ac-0lsnrs6-shard-00-02.au5paoq.mongodb.net:27017 
25-09-19 15:07:09.319 [main] INFO  o.s.s.web.DefaultSecurityFilterChain - Will secure any request with [org.springframework.security.web.session.DisableEncodeUrlFilter@731e0bff, org.springframework.security.web.context.request.async.WebAsyncManagerIntegrationFilter@213ceb4e, org.springframework.security.web.context.SecurityContextPersistenceFilter@2cff5aa3, org.springframework.security.web.header.HeaderWriterFilter@2bd4780c, org.springframework.security.web.authentication.logout.LogoutFilter@40013051, com.svm.journalapp.filter.JwtFilter@7cb29ea8, org.springframework.security.web.savedrequest.RequestCacheAwareFilter@2cce10bc, org.springframework.security.web.servletapi.SecurityContextHolderAwareRequestFilter@12e2f5ab, org.springframework.security.web.authentication.AnonymousAuthenticationFilter@23c72128, org.springframework.security.web.session.SessionManagementFilter@68f9e807, org.springframework.security.web.access.ExceptionTranslationFilter@11309dd4, org.springframework.security.web.access.intercept.FilterSecurityInterceptor@6408be5] 
25-09-19 15:07:11.669 [main] INFO  o.a.coyote.http11.Http11NioProtocol - Starting ProtocolHandler ["http-nio-8080"] 
25-09-19 15:07:11.862 [main] INFO  o.s.b.w.e.tomcat.TomcatWebServer - Tomcat started on port(s): 8080 (http) with context path '/journal-app' 
25-09-19 15:07:11.980 [main] INFO  com.svm.App - Started App in 28.926 seconds (JVM running for 32.088) 
25-09-19 15:07:31.085 [http-nio-8080-exec-2] INFO  o.a.c.c.C.[.[.[/journal-app] - Initializing Spring DispatcherServlet 'dispatcherServlet' 
25-09-19 15:07:31.085 [http-nio-8080-exec-2] INFO  o.s.web.servlet.DispatcherServlet - Initializing Servlet 'dispatcherServlet' 
25-09-19 15:07:31.089 [http-nio-8080-exec-2] INFO  o.s.web.servlet.DispatcherServlet - Completed initialization in 3 ms 
25-09-19 15:07:33.598 [http-nio-8080-exec-2] ERROR o.a.c.c.C.[.[.[.[dispatcherServlet] - Servlet.service() for servlet [dispatcherServlet] in context with path [/journal-app] threw exception 
io.jsonwebtoken.security.SignatureException: JWT signature does not match locally computed signature. JWT validity cannot be asserted and should not be trusted.
	at io.jsonwebtoken.impl.DefaultJwtParser.verifySignature(DefaultJwtParser.java:340)
	at io.jsonwebtoken.impl.DefaultJwtParser.parse(DefaultJwtParser.java:576)
	at io.jsonwebtoken.impl.DefaultJwtParser.parse(DefaultJwtParser.java:364)
	at io.jsonwebtoken.impl.DefaultJwtParser.parse(DefaultJwtParser.java:94)
	at io.jsonwebtoken.impl.io.AbstractParser.parse(AbstractParser.java:36)
	at io.jsonwebtoken.impl.io.AbstractParser.parse(AbstractParser.java:29)
	at io.jsonwebtoken.impl.DefaultJwtParser.parseSignedClaims(DefaultJwtParser.java:827)
	at com.svm.journalapp.utils.JwtUtils.extractAllClaims(JwtUtils.java:58)
	at com.svm.journalapp.utils.JwtUtils.extractUsername(JwtUtils.java:46)
	at com.svm.journalapp.filter.JwtFilter.doFilterInternal(JwtFilter.java:35)
	at org.springframework.web.filter.OncePerRequestFilter.doFilter(OncePerRequestFilter.java:117)
	at org.springframework.security.web.FilterChainProxy$VirtualFilterChain.doFilter(FilterChainProxy.java:346)
	at org.springframework.security.web.authentication.logout.LogoutFilter.doFilter(LogoutFilter.java:103)
	at org.springframework.security.web.authentication.logout.LogoutFilter.doFilter(LogoutFilter.java:89)
	at org.springframework.security.web.FilterChainProxy$VirtualFilterChain.doFilter(FilterChainProxy.java:346)
	at org.springframework.security.web.header.HeaderWriterFilter.doHeadersAfter(HeaderWriterFilter.java:90)
	at org.springframework.security.web.header.HeaderWriterFilter.doFilterInternal(HeaderWriterFilter.java:75)
	at org.springframework.web.filter.OncePerRequestFilter.doFilter(OncePerRequestFilter.java:117)
	at org.springframework.security.web.FilterChainProxy$VirtualFilterChain.doFilter(FilterChainProxy.java:346)
	at org.springframework.security.web.context.SecurityContextPersistenceFilter.doFilter(SecurityContextPersistenceFilter.java:112)
	at org.springframework.security.web.context.SecurityContextPersistenceFilter.doFilter(SecurityContextPersistenceFilter.java:82)
	at org.springframework.security.web.FilterChainProxy$VirtualFilterChain.doFilter(FilterChainProxy.java:346)
	at org.springframework.security.web.context.request.async.WebAsyncManagerIntegrationFilter.doFilterInternal(WebAsyncManagerIntegrationFilter.java:55)
	at org.springframework.web.filter.OncePerRequestFilter.doFilter(OncePerRequestFilter.java:117)
	at org.springframework.security.web.FilterChainProxy$VirtualFilterChain.doFilter(FilterChainProxy.java:346)
	at org.springframework.security.web.session.DisableEncodeUrlFilter.doFilterInternal(DisableEncodeUrlFilter.java:42)
	at org.springframework.web.filter.OncePerRequestFilter.doFilter(OncePerRequestFilter.java:117)
	at org.springframework.security.web.FilterChainProxy$VirtualFilterChain.doFilter(FilterChainProxy.java:346)
	at org.springframework.security.web.FilterChainProxy.doFilterInternal(FilterChainProxy.java:221)
	at org.springframework.security.web.FilterChainProxy.doFilter(FilterChainProxy.java:186)
	at org.springframework.web.filter.DelegatingFilterProxy.invokeDelegate(DelegatingFilterProxy.java:354)
	at org.springframework.web.filter.DelegatingFilterProxy.doFilter(DelegatingFilterProxy.java:267)
	at org.apache.catalina.core.ApplicationFilterChain.internalDoFilter(ApplicationFilterChain.java:178)
	at org.apache.catalina.core.ApplicationFilterChain.doFilter(ApplicationFilterChain.java:153)
	at org.springframework.web.filter.RequestContextFilter.doFilterInternal(RequestContextFilter.java:100)
	at org.springframework.web.filter.OncePerRequestFilter.doFilter(OncePerRequestFilter.java:117)
	at org.apache.catalina.core.ApplicationFilterChain.internalDoFilter(ApplicationFilterChain.java:178)
	at org.apache.catalina.core.ApplicationFilterChain.doFilter(ApplicationFilterChain.java:153)
	at org.springframework.web.filter.FormContentFilter.doFilterInternal(FormContentFilter.java:93)
	at org.springframework.web.filter.OncePerRequestFilter.doFilter(OncePerRequestFilter.java:117)
	at org.apache.catalina.core.ApplicationFilterChain.internalDoFilter(ApplicationFilterChain.java:178)
	at org.apache.catalina.core.ApplicationFilterChain.doFilter(ApplicationFilterChain.java:153)
	at org.springframework.web.filter.CharacterEncodingFilter.doFilterInternal(CharacterEncodingFilter.java:201)
	at org.springframework.web.filter.OncePerRequestFilter.doFilter(OncePerRequestFilter.java:117)
	at org.apache.catalina.core.ApplicationFilterChain.internalDoFilter(ApplicationFilterChain.java:178)
	at org.apache.catalina.core.ApplicationFilterChain.doFilter(ApplicationFilterChain.java:153)
	at org.apache.catalina.core.StandardWrapperValve.invoke(StandardWrapperValve.java:168)
	at org.apache.catalina.core.StandardContextValve.invoke(StandardContextValve.java:90)
	at org.apache.catalina.authenticator.AuthenticatorBase.invoke(AuthenticatorBase.java:481)
	at org.apache.catalina.core.StandardHostValve.invoke(StandardHostValve.java:130)
	at org.apache.catalina.valves.ErrorReportValve.invoke(ErrorReportValve.java:93)
	at org.apache.catalina.core.StandardEngineValve.invoke(StandardEngineValve.java:74)
	at org.apache.catalina.connector.CoyoteAdapter.service(CoyoteAdapter.java:342)
	at org.apache.coyote.http11.Http11Processor.service(Http11Processor.java:390)
	at org.apache.coyote.AbstractProcessorLight.process(AbstractProcessorLight.java:63)
	at org.apache.coyote.AbstractProtocol$ConnectionHandler.process(AbstractProtocol.java:928)
	at org.apache.tomcat.util.net.NioEndpoint$SocketProcessor.doRun(NioEndpoint.java:1794)
	at org.apache.tomcat.util.net.SocketProcessorBase.run(SocketProcessorBase.java:52)
	at org.apache.tomcat.util.threads.ThreadPoolExecutor.runWorker(ThreadPoolExecutor.java:1191)
	at org.apache.tomcat.util.threads.ThreadPoolExecutor$Worker.run(ThreadPoolExecutor.java:659)
	at org.apache.tomcat.util.threads.TaskThread$WrappingRunnable.run(TaskThread.java:61)
	at java.base/java.lang.Thread.run(Thread.java:842)
